c:\users\naorp\onedrive\desktop\e_commerce\e_commerce\debug\vc141.pdb
c:\users\naorp\onedrive\desktop\e_commerce\e_commerce\debug\vc141.idb
c:\users\naorp\onedrive\desktop\e_commerce\e_commerce\debug\system.obj
c:\users\naorp\onedrive\desktop\e_commerce\e_commerce\debug\seller.obj
c:\users\naorp\onedrive\desktop\e_commerce\e_commerce\debug\product.obj
c:\users\naorp\onedrive\desktop\e_commerce\e_commerce\debug\order.obj
c:\users\naorp\onedrive\desktop\e_commerce\e_commerce\debug\main.obj
c:\users\naorp\onedrive\desktop\e_commerce\e_commerce\debug\feedback.obj
c:\users\naorp\onedrive\desktop\e_commerce\e_commerce\debug\date.obj
c:\users\naorp\onedrive\desktop\e_commerce\e_commerce\debug\cart.obj
c:\users\naorp\onedrive\desktop\e_commerce\e_commerce\debug\buyer.obj
c:\users\naorp\onedrive\desktop\e_commerce\e_commerce\debug\users.obj
c:\users\naorp\onedrive\desktop\e_commerce\e_commerce\debug\operation.obj
c:\users\naorp\onedrive\desktop\e_commerce\e_commerce\debug\bns.obj
c:\users\naorp\onedrive\desktop\e_commerce\e_commerce\debug\address.obj
c:\users\naorp\onedrive\desktop\e_commerce\debug\e_commerce.ilk
c:\users\naorp\onedrive\desktop\e_commerce\debug\e_commerce.exe
c:\users\naorp\onedrive\desktop\e_commerce\debug\e_commerce.pdb
c:\users\naorp\onedrive\desktop\e_commerce\e_commerce\debug\e_commerce.tlog\cl.command.1.tlog
c:\users\naorp\onedrive\desktop\e_commerce\e_commerce\debug\e_commerce.tlog\cl.read.1.tlog
c:\users\naorp\onedrive\desktop\e_commerce\e_commerce\debug\e_commerce.tlog\cl.write.1.tlog
c:\users\naorp\onedrive\desktop\e_commerce\e_commerce\debug\e_commerce.tlog\link.command.1.tlog
c:\users\naorp\onedrive\desktop\e_commerce\e_commerce\debug\e_commerce.tlog\link.read.1.tlog
c:\users\naorp\onedrive\desktop\e_commerce\e_commerce\debug\e_commerce.tlog\link.write.1.tlog
